{"/Users/motoko/Projects/Motoko-Yoshikawa_section4-1/api/src/app.ts": {"path":"/Users/motoko/Projects/Motoko-Yoshikawa_section4-1/api/src/app.ts","statementMap":{"0":{"start":{"line":8,"column":6},"end":{"line":8,"column":null}},"1":{"start":{"line":11,"column":0},"end":{"line":11,"column":null}},"2":{"start":{"line":12,"column":0},"end":{"line":12,"column":null}},"3":{"start":{"line":15,"column":0},"end":{"line":15,"column":null}},"4":{"start":{"line":15,"column":59},"end":{"line":15,"column":87}},"5":{"start":{"line":18,"column":0},"end":{"line":18,"column":null}},"6":{"start":{"line":19,"column":0},"end":{"line":19,"column":null}},"7":{"start":{"line":22,"column":0},"end":{"line":24,"column":null}},"8":{"start":{"line":23,"column":2},"end":{"line":23,"column":null}},"9":{"start":{"line":27,"column":0},"end":{"line":35,"column":null}},"10":{"start":{"line":28,"column":2},"end":{"line":28,"column":null}},"11":{"start":{"line":30,"column":2},"end":{"line":32,"column":null}},"12":{"start":{"line":31,"column":4},"end":{"line":31,"column":null}},"13":{"start":{"line":34,"column":2},"end":{"line":34,"column":null}}},"fnMap":{"0":{"name":"(anonymous_0)","decl":{"start":{"line":15,"column":46},"end":{"line":15,"column":47}},"loc":{"start":{"line":15,"column":59},"end":{"line":15,"column":87}},"line":15},"1":{"name":"(anonymous_1)","decl":{"start":{"line":22,"column":13},"end":{"line":22,"column":14}},"loc":{"start":{"line":22,"column":46},"end":{"line":24,"column":1}},"line":22},"2":{"name":"(anonymous_2)","decl":{"start":{"line":27,"column":8},"end":{"line":27,"column":9}},"loc":{"start":{"line":27,"column":71},"end":{"line":35,"column":1}},"line":27}},"branchMap":{"0":{"loc":{"start":{"line":30,"column":2},"end":{"line":32,"column":null}},"type":"if","locations":[{"start":{"line":30,"column":2},"end":{"line":32,"column":null}},{"start":{},"end":{}}],"line":30}},"s":{"0":4,"1":4,"2":4,"3":4,"4":12,"5":4,"6":4,"7":4,"8":0,"9":4,"10":0,"11":0,"12":0,"13":0},"f":{"0":12,"1":0,"2":0},"b":{"0":[0,0]},"meta":{"lastBranch":1,"lastFunction":3,"lastStatement":14,"seen":{"s:8:6:8:Infinity":0,"s:11:0:11:Infinity":1,"s:12:0:12:Infinity":2,"s:15:0:15:Infinity":3,"f:15:46:15:47":0,"s:15:59:15:87":4,"s:18:0:18:Infinity":5,"s:19:0:19:Infinity":6,"s:22:0:24:Infinity":7,"f:22:13:22:14":1,"s:23:2:23:Infinity":8,"s:27:0:35:Infinity":9,"f:27:8:27:9":2,"s:28:2:28:Infinity":10,"b:30:2:32:Infinity:undefined:undefined:undefined:undefined":0,"s:30:2:32:Infinity":11,"s:31:4:31:Infinity":12,"s:34:2:34:Infinity":13}}}
,"/Users/motoko/Projects/Motoko-Yoshikawa_section4-1/api/src/sum.ts": {"path":"/Users/motoko/Projects/Motoko-Yoshikawa_section4-1/api/src/sum.ts","statementMap":{"0":{"start":{"line":3,"column":2},"end":{"line":3,"column":null}}},"fnMap":{"0":{"name":"sum","decl":{"start":{"line":1,"column":16},"end":{"line":1,"column":20}},"loc":{"start":{"line":1,"column":42},"end":{"line":4,"column":null}},"line":1}},"branchMap":{},"s":{"0":1},"f":{"0":1},"b":{},"meta":{"lastBranch":0,"lastFunction":1,"lastStatement":1,"seen":{"f:1:16:1:20":0,"s:3:2:3:Infinity":0}}}
,"/Users/motoko/Projects/Motoko-Yoshikawa_section4-1/api/src/context/logger.ts": {"path":"/Users/motoko/Projects/Motoko-Yoshikawa_section4-1/api/src/context/logger.ts","statementMap":{"0":{"start":{"line":5,"column":0},"end":{"line":5,"column":null}},"1":{"start":{"line":8,"column":17},"end":{"line":8,"column":null}},"2":{"start":{"line":10,"column":15},"end":{"line":20,"column":null}},"3":{"start":{"line":22,"column":0},"end":{"line":22,"column":null}}},"fnMap":{},"branchMap":{"0":{"loc":{"start":{"line":8,"column":17},"end":{"line":8,"column":null}},"type":"binary-expr","locations":[{"start":{"line":8,"column":17},"end":{"line":8,"column":42}},{"start":{"line":8,"column":42},"end":{"line":8,"column":null}}],"line":8}},"s":{"0":4,"1":4,"2":4,"3":4},"f":{},"b":{"0":[4,0]},"meta":{"lastBranch":1,"lastFunction":0,"lastStatement":4,"seen":{"s:5:0:5:Infinity":0,"s:8:17:8:Infinity":1,"b:8:17:8:42:8:42:8:Infinity":0,"s:10:15:20:Infinity":2,"s:22:0:22:Infinity":3}}}
,"/Users/motoko/Projects/Motoko-Yoshikawa_section4-1/api/src/context/prisma.ts": {"path":"/Users/motoko/Projects/Motoko-Yoshikawa_section4-1/api/src/context/prisma.ts","statementMap":{"0":{"start":{"line":3,"column":22},"end":{"line":3,"column":null}}},"fnMap":{},"branchMap":{},"s":{"0":4},"f":{},"b":{},"meta":{"lastBranch":0,"lastFunction":0,"lastStatement":1,"seen":{"s:3:22:3:Infinity":0}}}
,"/Users/motoko/Projects/Motoko-Yoshikawa_section4-1/api/src/generated/prisma/client.ts": {"path":"/Users/motoko/Projects/Motoko-Yoshikawa_section4-1/api/src/generated/prisma/client.ts","statementMap":{"0":{"start":{"line":36,"column":28},"end":{"line":36,"column":null}},"1":{"start":{"line":42,"column":0},"end":{"line":42,"column":null}},"2":{"start":{"line":43,"column":0},"end":{"line":43,"column":null}},"3":{"start":{"line":46,"column":0},"end":{"line":46,"column":null}},"4":{"start":{"line":47,"column":0},"end":{"line":47,"column":null}}},"fnMap":{},"branchMap":{},"s":{"0":4,"1":4,"2":4,"3":4,"4":4},"f":{},"b":{},"meta":{"lastBranch":0,"lastFunction":0,"lastStatement":5,"seen":{"s:36:28:36:Infinity":0,"s:42:0:42:Infinity":1,"s:43:0:43:Infinity":2,"s:46:0:46:Infinity":3,"s:47:0:47:Infinity":4}}}
,"/Users/motoko/Projects/Motoko-Yoshikawa_section4-1/api/src/generated/prisma/enums.ts": {"path":"/Users/motoko/Projects/Motoko-Yoshikawa_section4-1/api/src/generated/prisma/enums.ts","statementMap":{},"fnMap":{},"branchMap":{},"s":{},"f":{},"b":{},"meta":{"lastBranch":0,"lastFunction":0,"lastStatement":0,"seen":{}}}
,"/Users/motoko/Projects/Motoko-Yoshikawa_section4-1/api/src/generated/prisma/internal/class.ts": {"path":"/Users/motoko/Projects/Motoko-Yoshikawa_section4-1/api/src/generated/prisma/internal/class.ts","statementMap":{"0":{"start":{"line":18,"column":46},"end":{"line":75,"column":null}},"1":{"start":{"line":77,"column":0},"end":{"line":77,"column":null}},"2":{"start":{"line":78,"column":0},"end":{"line":78,"column":null}},"3":{"start":{"line":79,"column":0},"end":{"line":79,"column":null}},"4":{"start":{"line":224,"column":2},"end":{"line":224,"column":null}},"5":{"start":{"line":225,"column":2},"end":{"line":225,"column":null}}},"fnMap":{"0":{"name":"getPrismaClientClass","decl":{"start":{"line":223,"column":16},"end":{"line":223,"column":37}},"loc":{"start":{"line":223,"column":79},"end":{"line":226,"column":null}},"line":223}},"branchMap":{},"s":{"0":4,"1":4,"2":4,"3":4,"4":4,"5":4},"f":{"0":4},"b":{},"meta":{"lastBranch":0,"lastFunction":1,"lastStatement":6,"seen":{"s:18:46:75:Infinity":0,"s:77:0:77:Infinity":1,"s:78:0:78:Infinity":2,"s:79:0:79:Infinity":3,"f:223:16:223:37":0,"s:224:2:224:Infinity":4,"s:225:2:225:Infinity":5}}}
,"/Users/motoko/Projects/Motoko-Yoshikawa_section4-1/api/src/generated/prisma/internal/prismaNamespace.ts": {"path":"/Users/motoko/Projects/Motoko-Yoshikawa_section4-1/api/src/generated/prisma/internal/prismaNamespace.ts","statementMap":{"0":{"start":{"line":32,"column":45},"end":{"line":32,"column":null}},"1":{"start":{"line":35,"column":47},"end":{"line":35,"column":null}},"2":{"start":{"line":38,"column":42},"end":{"line":38,"column":null}},"3":{"start":{"line":41,"column":47},"end":{"line":41,"column":null}},"4":{"start":{"line":44,"column":43},"end":{"line":44,"column":null}},"5":{"start":{"line":50,"column":19},"end":{"line":50,"column":null}},"6":{"start":{"line":51,"column":21},"end":{"line":51,"column":null}},"7":{"start":{"line":52,"column":20},"end":{"line":52,"column":null}},"8":{"start":{"line":53,"column":19},"end":{"line":53,"column":null}},"9":{"start":{"line":54,"column":19},"end":{"line":54,"column":null}},"10":{"start":{"line":62,"column":23},"end":{"line":62,"column":null}},"11":{"start":{"line":79,"column":35},"end":{"line":79,"column":null}},"12":{"start":{"line":94,"column":44},"end":{"line":97,"column":null}},"13":{"start":{"line":112,"column":25},"end":{"line":116,"column":null}},"14":{"start":{"line":122,"column":22},"end":{"line":122,"column":null}},"15":{"start":{"line":128,"column":24},"end":{"line":128,"column":null}},"16":{"start":{"line":134,"column":23},"end":{"line":134,"column":null}},"17":{"start":{"line":392,"column":25},"end":{"line":394,"column":null}},"18":{"start":{"line":516,"column":41},"end":{"line":518,"column":null}},"19":{"start":{"line":523,"column":42},"end":{"line":530,"column":null}},"20":{"start":{"line":535,"column":25},"end":{"line":538,"column":null}},"21":{"start":{"line":543,"column":26},"end":{"line":546,"column":null}},"22":{"start":{"line":599,"column":31},"end":{"line":599,"column":null}}},"fnMap":{},"branchMap":{},"s":{"0":4,"1":4,"2":4,"3":4,"4":4,"5":4,"6":4,"7":4,"8":4,"9":4,"10":4,"11":4,"12":4,"13":4,"14":4,"15":4,"16":4,"17":4,"18":4,"19":4,"20":4,"21":4,"22":4},"f":{},"b":{},"meta":{"lastBranch":0,"lastFunction":0,"lastStatement":23,"seen":{"s:32:45:32:Infinity":0,"s:35:47:35:Infinity":1,"s:38:42:38:Infinity":2,"s:41:47:41:Infinity":3,"s:44:43:44:Infinity":4,"s:50:19:50:Infinity":5,"s:51:21:51:Infinity":6,"s:52:20:52:Infinity":7,"s:53:19:53:Infinity":8,"s:54:19:54:Infinity":9,"s:62:23:62:Infinity":10,"s:79:35:79:Infinity":11,"s:94:44:97:Infinity":12,"s:112:25:116:Infinity":13,"s:122:22:122:Infinity":14,"s:128:24:128:Infinity":15,"s:134:23:134:Infinity":16,"s:392:25:394:Infinity":17,"s:516:41:518:Infinity":18,"s:523:42:530:Infinity":19,"s:535:25:538:Infinity":20,"s:543:26:546:Infinity":21,"s:599:31:599:Infinity":22}}}
,"/Users/motoko/Projects/Motoko-Yoshikawa_section4-1/api/src/router/summary.ts": {"path":"/Users/motoko/Projects/Motoko-Yoshikawa_section4-1/api/src/router/summary.ts","statementMap":{"0":{"start":{"line":5,"column":6},"end":{"line":5,"column":null}},"1":{"start":{"line":8,"column":0},"end":{"line":26,"column":null}},"2":{"start":{"line":9,"column":17},"end":{"line":12,"column":null}},"3":{"start":{"line":14,"column":18},"end":{"line":17,"column":null}},"4":{"start":{"line":19,"column":8},"end":{"line":19,"column":null}},"5":{"start":{"line":21,"column":2},"end":{"line":25,"column":null}}},"fnMap":{"0":{"name":"(anonymous_0)","decl":{"start":{"line":8,"column":16},"end":{"line":8,"column":23}},"loc":{"start":{"line":8,"column":36},"end":{"line":26,"column":1}},"line":8}},"branchMap":{"0":{"loc":{"start":{"line":19,"column":19},"end":{"line":19,"column":47}},"type":"binary-expr","locations":[{"start":{"line":19,"column":19},"end":{"line":19,"column":41}},{"start":{"line":19,"column":41},"end":{"line":19,"column":47}}],"line":19},"1":{"loc":{"start":{"line":19,"column":47},"end":{"line":19,"column":null}},"type":"binary-expr","locations":[{"start":{"line":19,"column":47},"end":{"line":19,"column":70}},{"start":{"line":19,"column":70},"end":{"line":19,"column":null}}],"line":19},"2":{"loc":{"start":{"line":22,"column":12},"end":{"line":22,"column":null}},"type":"binary-expr","locations":[{"start":{"line":22,"column":12},"end":{"line":22,"column":34}},{"start":{"line":22,"column":34},"end":{"line":22,"column":null}}],"line":22},"3":{"loc":{"start":{"line":23,"column":13},"end":{"line":23,"column":null}},"type":"binary-expr","locations":[{"start":{"line":23,"column":13},"end":{"line":23,"column":36}},{"start":{"line":23,"column":36},"end":{"line":23,"column":null}}],"line":23}},"s":{"0":4,"1":4,"2":2,"3":2,"4":2,"5":2},"f":{"0":2},"b":{"0":[2,1],"1":[2,1],"2":[2,1],"3":[2,1]},"meta":{"lastBranch":4,"lastFunction":1,"lastStatement":6,"seen":{"s:5:6:5:Infinity":0,"s:8:0:26:Infinity":1,"f:8:16:8:23":0,"s:9:17:12:Infinity":2,"s:14:18:17:Infinity":3,"s:19:8:19:Infinity":4,"b:19:19:19:41:19:41:19:47":0,"b:19:47:19:70:19:70:19:Infinity":1,"s:21:2:25:Infinity":5,"b:22:12:22:34:22:34:22:Infinity":2,"b:23:13:23:36:23:36:23:Infinity":3}}}
,"/Users/motoko/Projects/Motoko-Yoshikawa_section4-1/api/src/router/transactions.ts": {"path":"/Users/motoko/Projects/Motoko-Yoshikawa_section4-1/api/src/router/transactions.ts","statementMap":{"0":{"start":{"line":1,"column":0},"end":{"line":1,"column":null}},"1":{"start":{"line":3,"column":6},"end":{"line":3,"column":null}},"2":{"start":{"line":8,"column":0},"end":{"line":20,"column":null}},"3":{"start":{"line":9,"column":2},"end":{"line":19,"column":null}},"4":{"start":{"line":10,"column":25},"end":{"line":13,"column":null}},"5":{"start":{"line":15,"column":4},"end":{"line":15,"column":null}},"6":{"start":{"line":17,"column":4},"end":{"line":17,"column":null}},"7":{"start":{"line":18,"column":4},"end":{"line":18,"column":null}},"8":{"start":{"line":23,"column":0},"end":{"line":37,"column":null}},"9":{"start":{"line":25,"column":13},"end":{"line":25,"column":null}},"10":{"start":{"line":27,"column":22},"end":{"line":30,"column":null}},"11":{"start":{"line":32,"column":2},"end":{"line":34,"column":null}},"12":{"start":{"line":33,"column":4},"end":{"line":33,"column":null}},"13":{"start":{"line":36,"column":2},"end":{"line":36,"column":null}},"14":{"start":{"line":40,"column":0},"end":{"line":69,"column":null}},"15":{"start":{"line":41,"column":2},"end":{"line":68,"column":null}},"16":{"start":{"line":42,"column":41},"end":{"line":42,"column":null}},"17":{"start":{"line":45,"column":4},"end":{"line":47,"column":null}},"18":{"start":{"line":46,"column":6},"end":{"line":46,"column":null}},"19":{"start":{"line":49,"column":25},"end":{"line":49,"column":null}},"20":{"start":{"line":50,"column":4},"end":{"line":52,"column":null}},"21":{"start":{"line":51,"column":6},"end":{"line":51,"column":null}},"22":{"start":{"line":55,"column":27},"end":{"line":62,"column":null}},"23":{"start":{"line":64,"column":4},"end":{"line":64,"column":null}},"24":{"start":{"line":66,"column":4},"end":{"line":66,"column":null}},"25":{"start":{"line":67,"column":4},"end":{"line":67,"column":null}},"26":{"start":{"line":72,"column":0},"end":{"line":97,"column":null}},"27":{"start":{"line":73,"column":2},"end":{"line":96,"column":null}},"28":{"start":{"line":74,"column":15},"end":{"line":74,"column":null}},"29":{"start":{"line":75,"column":41},"end":{"line":75,"column":null}},"30":{"start":{"line":77,"column":4},"end":{"line":79,"column":null}},"31":{"start":{"line":78,"column":6},"end":{"line":78,"column":null}},"32":{"start":{"line":82,"column":19},"end":{"line":82,"column":null}},"33":{"start":{"line":83,"column":4},"end":{"line":85,"column":null}},"34":{"start":{"line":84,"column":6},"end":{"line":84,"column":null}},"35":{"start":{"line":87,"column":20},"end":{"line":90,"column":null}},"36":{"start":{"line":92,"column":4},"end":{"line":92,"column":null}},"37":{"start":{"line":94,"column":4},"end":{"line":94,"column":null}},"38":{"start":{"line":95,"column":4},"end":{"line":95,"column":null}},"39":{"start":{"line":100,"column":0},"end":{"line":116,"column":null}},"40":{"start":{"line":101,"column":2},"end":{"line":115,"column":null}},"41":{"start":{"line":102,"column":15},"end":{"line":102,"column":null}},"42":{"start":{"line":104,"column":19},"end":{"line":104,"column":null}},"43":{"start":{"line":105,"column":4},"end":{"line":107,"column":null}},"44":{"start":{"line":106,"column":6},"end":{"line":106,"column":null}},"45":{"start":{"line":109,"column":4},"end":{"line":109,"column":null}},"46":{"start":{"line":111,"column":4},"end":{"line":111,"column":null}},"47":{"start":{"line":113,"column":4},"end":{"line":113,"column":null}},"48":{"start":{"line":114,"column":4},"end":{"line":114,"column":null}}},"fnMap":{"0":{"name":"(anonymous_0)","decl":{"start":{"line":8,"column":16},"end":{"line":8,"column":23}},"loc":{"start":{"line":8,"column":36},"end":{"line":20,"column":1}},"line":8},"1":{"name":"(anonymous_1)","decl":{"start":{"line":23,"column":19},"end":{"line":23,"column":26}},"loc":{"start":{"line":23,"column":39},"end":{"line":37,"column":1}},"line":23},"2":{"name":"(anonymous_2)","decl":{"start":{"line":40,"column":17},"end":{"line":40,"column":24}},"loc":{"start":{"line":40,"column":37},"end":{"line":69,"column":1}},"line":40},"3":{"name":"(anonymous_3)","decl":{"start":{"line":72,"column":19},"end":{"line":72,"column":26}},"loc":{"start":{"line":72,"column":39},"end":{"line":97,"column":1}},"line":72},"4":{"name":"(anonymous_4)","decl":{"start":{"line":100,"column":22},"end":{"line":100,"column":29}},"loc":{"start":{"line":100,"column":42},"end":{"line":116,"column":1}},"line":100}},"branchMap":{"0":{"loc":{"start":{"line":32,"column":2},"end":{"line":34,"column":null}},"type":"if","locations":[{"start":{"line":32,"column":2},"end":{"line":34,"column":null}},{"start":{},"end":{}}],"line":32},"1":{"loc":{"start":{"line":45,"column":4},"end":{"line":47,"column":null}},"type":"if","locations":[{"start":{"line":45,"column":4},"end":{"line":47,"column":null}},{"start":{},"end":{}}],"line":45},"2":{"loc":{"start":{"line":45,"column":8},"end":{"line":45,"column":33}},"type":"binary-expr","locations":[{"start":{"line":45,"column":8},"end":{"line":45,"column":17}},{"start":{"line":45,"column":17},"end":{"line":45,"column":26}},{"start":{"line":45,"column":26},"end":{"line":45,"column":33}}],"line":45},"3":{"loc":{"start":{"line":50,"column":4},"end":{"line":52,"column":null}},"type":"if","locations":[{"start":{"line":50,"column":4},"end":{"line":52,"column":null}},{"start":{},"end":{}}],"line":50},"4":{"loc":{"start":{"line":60,"column":14},"end":{"line":60,"column":null}},"type":"binary-expr","locations":[{"start":{"line":60,"column":14},"end":{"line":60,"column":22}},{"start":{"line":60,"column":22},"end":{"line":60,"column":null}}],"line":60},"5":{"loc":{"start":{"line":77,"column":4},"end":{"line":79,"column":null}},"type":"if","locations":[{"start":{"line":77,"column":4},"end":{"line":79,"column":null}},{"start":{},"end":{}}],"line":77},"6":{"loc":{"start":{"line":83,"column":4},"end":{"line":85,"column":null}},"type":"if","locations":[{"start":{"line":83,"column":4},"end":{"line":85,"column":null}},{"start":{},"end":{}}],"line":83},"7":{"loc":{"start":{"line":105,"column":4},"end":{"line":107,"column":null}},"type":"if","locations":[{"start":{"line":105,"column":4},"end":{"line":107,"column":null}},{"start":{},"end":{}}],"line":105}},"s":{"0":4,"1":4,"2":4,"3":1,"4":1,"5":1,"6":0,"7":0,"8":4,"9":3,"10":3,"11":3,"12":2,"13":1,"14":4,"15":2,"16":2,"17":2,"18":1,"19":1,"20":1,"21":0,"22":1,"23":1,"24":0,"25":0,"26":4,"27":0,"28":0,"29":0,"30":0,"31":0,"32":0,"33":0,"34":0,"35":0,"36":0,"37":0,"38":0,"39":4,"40":3,"41":3,"42":3,"43":3,"44":1,"45":2,"46":1,"47":1,"48":1},"f":{"0":1,"1":3,"2":2,"3":0,"4":3},"b":{"0":[2,1],"1":[1,1],"2":[2,1,1],"3":[0,1],"4":[1,0],"5":[0,0],"6":[0,0],"7":[1,2]},"meta":{"lastBranch":8,"lastFunction":5,"lastStatement":49,"seen":{"s:1:0:1:Infinity":0,"s:3:6:3:Infinity":1,"s:8:0:20:Infinity":2,"f:8:16:8:23":0,"s:9:2:19:Infinity":3,"s:10:25:13:Infinity":4,"s:15:4:15:Infinity":5,"s:17:4:17:Infinity":6,"s:18:4:18:Infinity":7,"s:23:0:37:Infinity":8,"f:23:19:23:26":1,"s:25:13:25:Infinity":9,"s:27:22:30:Infinity":10,"b:32:2:34:Infinity:undefined:undefined:undefined:undefined":0,"s:32:2:34:Infinity":11,"s:33:4:33:Infinity":12,"s:36:2:36:Infinity":13,"s:40:0:69:Infinity":14,"f:40:17:40:24":2,"s:41:2:68:Infinity":15,"s:42:41:42:Infinity":16,"b:45:4:47:Infinity:undefined:undefined:undefined:undefined":1,"s:45:4:47:Infinity":17,"b:45:8:45:17:45:17:45:26:45:26:45:33":2,"s:46:6:46:Infinity":18,"s:49:25:49:Infinity":19,"b:50:4:52:Infinity:undefined:undefined:undefined:undefined":3,"s:50:4:52:Infinity":20,"s:51:6:51:Infinity":21,"s:55:27:62:Infinity":22,"b:60:14:60:22:60:22:60:Infinity":4,"s:64:4:64:Infinity":23,"s:66:4:66:Infinity":24,"s:67:4:67:Infinity":25,"s:72:0:97:Infinity":26,"f:72:19:72:26":3,"s:73:2:96:Infinity":27,"s:74:15:74:Infinity":28,"s:75:41:75:Infinity":29,"b:77:4:79:Infinity:undefined:undefined:undefined:undefined":5,"s:77:4:79:Infinity":30,"s:78:6:78:Infinity":31,"s:82:19:82:Infinity":32,"b:83:4:85:Infinity:undefined:undefined:undefined:undefined":6,"s:83:4:85:Infinity":33,"s:84:6:84:Infinity":34,"s:87:20:90:Infinity":35,"s:92:4:92:Infinity":36,"s:94:4:94:Infinity":37,"s:95:4:95:Infinity":38,"s:100:0:116:Infinity":39,"f:100:22:100:29":4,"s:101:2:115:Infinity":40,"s:102:15:102:Infinity":41,"s:104:19:104:Infinity":42,"b:105:4:107:Infinity:undefined:undefined:undefined:undefined":7,"s:105:4:107:Infinity":43,"s:106:6:106:Infinity":44,"s:109:4:109:Infinity":45,"s:111:4:111:Infinity":46,"s:113:4:113:Infinity":47,"s:114:4:114:Infinity":48}}}
}
